
X Exiting due to HOST_PATH_MISSING: Cannot find directory {/home/tp}/minikube_storage for mount

* Verifying dashboard health ...
* Launching proxy ...
* Verifying proxy health ...
* Opening http://127.0.0.1:40525/api/v1/namespaces/kubernetes-dashboard/services/http:kubernetes-dashboard:/proxy/ in your default browser...
Opening in existing browser session.

X Exiting due to MK_USAGE: Target directory minikube_storage must be an absolute path

* Verifying dashboard health ...
* Launching proxy ...
* Verifying proxy health ...
* Opening http://127.0.0.1:34781/api/v1/namespaces/kubernetes-dashboard/services/http:kubernetes-dashboard:/proxy/ in your default browser...
Opening in existing browser session.

X Exiting due to MK_USAGE: Target directory minikube_storage must be an absolute path

* minikube v1.31.2 on Ubuntu 22.04
* Using the docker driver based on existing profile
* Starting control plane node minikube in cluster minikube
* Pulling base image ...
* Verifying dashboard health ...
* Updating the running docker "minikube" container ...
* Launching proxy ...
* Verifying proxy health ...
* Opening http://127.0.0.1:37079/api/v1/namespaces/kubernetes-dashboard/services/http:kubernetes-dashboard:/proxy/ in your default browser...
Opening in existing browser session.
* Preparing Kubernetes v1.27.4 on Docker 24.0.4 ...
* Verifying Kubernetes components...
  - Using image gcr.io/k8s-minikube/storage-provisioner:v5
  - Using image docker.io/kubernetesui/dashboard:v2.7.0
  - Using image docker.io/kubernetesui/metrics-scraper:v1.0.8
* Some dashboard features require the metrics-server addon. To enable all features please run:

	minikube addons enable metrics-server	


* Enabled addons: storage-provisioner, default-storageclass, dashboard
! The image 'minikube/local/odin:v1.3' was not found; unable to add it to cache.
! The image 'minikube/local/utxopti:v1.3' was not found; unable to add it to cache.
! The image 'minikube/local/work-loki:v1.3' was not found; unable to add it to cache.
! The image 'minikube/local/heimdallr:v1.3' was not found; unable to add it to cache.
! The image 'minikube/local/frigg:v1.3' was not found; unable to add it to cache.
! The image 'minikube/local/drasil-jobs:v1.3' was not found; unable to add it to cache.
! The image 'minikube/local/geri:v1.3' was not found; unable to add it to cache.
! The image 'minikube/local/dvltath:v1.3' was not found; unable to add it to cache.
* Done! kubectl is now configured to use "minikube" cluster and "default" namespace by default

X Exiting due to MK_USAGE: Target directory minikube_storage must be an absolute path

* minikube v1.31.2 on Ubuntu 22.04
* Using the docker driver based on existing profile
* Starting control plane node minikube in cluster minikube
* Verifying dashboard health ...
* Pulling base image ...
* Launching proxy ...
* Updating the running docker "minikube" container ...
* Verifying proxy health ...
* Opening http://127.0.0.1:41413/api/v1/namespaces/kubernetes-dashboard/services/http:kubernetes-dashboard:/proxy/ in your default browser...
Opening in existing browser session.
* Preparing Kubernetes v1.27.4 on Docker 24.0.4 ...
* Configuring bridge CNI (Container Networking Interface) ...
* Verifying Kubernetes components...
  - Using image gcr.io/k8s-minikube/storage-provisioner:v5
  - Using image docker.io/kubernetesui/dashboard:v2.7.0
  - Using image docker.io/kubernetesui/metrics-scraper:v1.0.8
* Some dashboard features require the metrics-server addon. To enable all features please run:

	minikube addons enable metrics-server	


* Enabled addons: storage-provisioner, default-storageclass, dashboard
! The image 'minikube/local/dvltath:v1.3' was not found; unable to add it to cache.
! The image 'minikube/local/odin:v1.3' was not found; unable to add it to cache.
! The image 'minikube/local/geri:v1.3' was not found; unable to add it to cache.
! The image 'minikube/local/utxopti:v1.3' was not found; unable to add it to cache.
! The image 'minikube/local/frigg:v1.3' was not found; unable to add it to cache.
! The image 'minikube/local/heimdallr:v1.3' was not found; unable to add it to cache.
! The image 'minikube/local/drasil-jobs:v1.3' was not found; unable to add it to cache.
! The image 'minikube/local/work-loki:v1.3' was not found; unable to add it to cache.
* Done! kubectl is now configured to use "minikube" cluster and "default" namespace by default

X Exiting due to MK_USAGE: Target directory minikube_storage must be an absolute path

* minikube v1.31.2 on Ubuntu 22.04
* Using the docker driver based on existing profile
* Starting control plane node minikube in cluster minikube
* Verifying dashboard health ...
* Pulling base image ...
* Launching proxy ...
* Updating the running docker "minikube" container ...
* Verifying proxy health ...
* Opening http://127.0.0.1:38085/api/v1/namespaces/kubernetes-dashboard/services/http:kubernetes-dashboard:/proxy/ in your default browser...
Opening in existing browser session.
[75622:75622:0100/000000.891819:ERROR:zygote_linux.cc(662)] write: Broken pipe (32)
* Preparing Kubernetes v1.27.4 on Docker 24.0.4 ...
* Verifying Kubernetes components...
  - Using image docker.io/kubernetesui/dashboard:v2.7.0
  - Using image gcr.io/k8s-minikube/storage-provisioner:v5
  - Using image docker.io/kubernetesui/metrics-scraper:v1.0.8
* Some dashboard features require the metrics-server addon. To enable all features please run:

	minikube addons enable metrics-server	


* Enabled addons: storage-provisioner, default-storageclass, dashboard
* minikube v1.31.2 on Ubuntu 22.04

X Exiting due to MK_USAGE: Target directory minikube_storage must be an absolute path

* Using the docker driver based on existing profile
* Starting control plane node minikube in cluster minikube
* Pulling base image ...
* Updating the running docker "minikube" container ...
* Verifying dashboard health ...
* Launching proxy ...
* Verifying proxy health ...
! The image 'minikube/local/work-loki:v1.3' was not found; unable to add it to cache.
! The image 'minikube/local/dvltath:v1.3' was not found; unable to add it to cache.
! The image 'minikube/local/heimdallr:v1.3' was not found; unable to add it to cache.
! The image 'minikube/local/utxopti:v1.3' was not found; unable to add it to cache.
! The image 'minikube/local/odin:v1.3' was not found; unable to add it to cache.
! The image 'minikube/local/geri:v1.3' was not found; unable to add it to cache.
! The image 'minikube/local/drasil-jobs:v1.3' was not found; unable to add it to cache.
! The image 'minikube/local/frigg:v1.3' was not found; unable to add it to cache.
* Done! kubectl is now configured to use "minikube" cluster and "default" namespace by default
* Preparing Kubernetes v1.27.4 on Docker 24.0.4 ...
* Configuring bridge CNI (Container Networking Interface) ...
* Verifying Kubernetes components...
  - Using image docker.io/kubernetesui/dashboard:v2.7.0
  - Using image gcr.io/k8s-minikube/storage-provisioner:v5
  - Using image docker.io/kubernetesui/metrics-scraper:v1.0.8
* Some dashboard features require the metrics-server addon. To enable all features please run:

	minikube addons enable metrics-server	


* Enabled addons: storage-provisioner, default-storageclass, dashboard
! The image 'minikube/local/geri:v1.3' was not found; unable to add it to cache.
! The image 'minikube/local/odin:v1.3' was not found; unable to add it to cache.
! The image 'minikube/local/work-loki:v1.3' was not found; unable to add it to cache.
! The image 'minikube/local/heimdallr:v1.3' was not found; unable to add it to cache.
! The image 'minikube/local/frigg:v1.3' was not found; unable to add it to cache.
! The image 'minikube/local/utxopti:v1.3' was not found; unable to add it to cache.
! The image 'minikube/local/dvltath:v1.3' was not found; unable to add it to cache.
! The image 'minikube/local/drasil-jobs:v1.3' was not found; unable to add it to cache.
* Done! kubectl is now configured to use "minikube" cluster and "default" namespace by default
* Opening http://127.0.0.1:43309/api/v1/namespaces/kubernetes-dashboard/services/http:kubernetes-dashboard:/proxy/ in your default browser...
Opening in existing browser session.

X Exiting due to MK_USAGE: Target directory minikube_storage must be an absolute path

* The control plane node must be running for this command
* minikube v1.31.2 on Ubuntu 22.04
  To start a cluster, run: "minikube start"
* Using the docker driver based on existing profile
* Starting control plane node minikube in cluster minikube
* Pulling base image ...
* Restarting existing docker container for "minikube" ...
* Preparing Kubernetes v1.27.4 on Docker 24.0.4 ...
* Configuring bridge CNI (Container Networking Interface) ...
* Verifying Kubernetes components...
  - Using image gcr.io/k8s-minikube/storage-provisioner:v5
  - Using image docker.io/kubernetesui/dashboard:v2.7.0
  - Using image docker.io/kubernetesui/metrics-scraper:v1.0.8
* Some dashboard features require the metrics-server addon. To enable all features please run:

	minikube addons enable metrics-server	


* Enabled addons: storage-provisioner, default-storageclass, dashboard
! The image 'minikube/local/work-loki:v1.3' was not found; unable to add it to cache.
! The image 'minikube/local/geri:v1.3' was not found; unable to add it to cache.
! The image 'minikube/local/odin:v1.3' was not found; unable to add it to cache.
! The image 'minikube/local/frigg:v1.3' was not found; unable to add it to cache.
! The image 'minikube/local/drasil-jobs:v1.3' was not found; unable to add it to cache.
! The image 'minikube/local/utxopti:v1.3' was not found; unable to add it to cache.
! The image 'minikube/local/heimdallr:v1.3' was not found; unable to add it to cache.
! The image 'minikube/local/dvltath:v1.3' was not found; unable to add it to cache.
* Done! kubectl is now configured to use "minikube" cluster and "default" namespace by default

X Exiting due to MK_USAGE: Target directory minikube_storage must be an absolute path

* minikube v1.31.2 on Ubuntu 22.04
* Using the docker driver based on existing profile
* Starting control plane node minikube in cluster minikube
* Pulling base image ...
* Verifying dashboard health ...
* Launching proxy ...
* Updating the running docker "minikube" container ...
* Verifying proxy health ...
* Preparing Kubernetes v1.27.4 on Docker 24.0.4 ...
* Verifying Kubernetes components...
  - Using image docker.io/kubernetesui/dashboard:v2.7.0
  - Using image gcr.io/k8s-minikube/storage-provisioner:v5
  - Using image docker.io/kubernetesui/metrics-scraper:v1.0.8
* Some dashboard features require the metrics-server addon. To enable all features please run:

	minikube addons enable metrics-server	


* Enabled addons: storage-provisioner, default-storageclass, dashboard
! The image 'minikube/local/utxopti:v1.3' was not found; unable to add it to cache.
! The image 'minikube/local/frigg:v1.3' was not found; unable to add it to cache.
! The image 'minikube/local/drasil-jobs:v1.3' was not found; unable to add it to cache.
! The image 'minikube/local/dvltath:v1.3' was not found; unable to add it to cache.
! The image 'minikube/local/heimdallr:v1.3' was not found; unable to add it to cache.
! The image 'minikube/local/geri:v1.3' was not found; unable to add it to cache.
! The image 'minikube/local/work-loki:v1.3' was not found; unable to add it to cache.
! The image 'minikube/local/odin:v1.3' was not found; unable to add it to cache.
* Done! kubectl is now configured to use "minikube" cluster and "default" namespace by default
* Opening http://127.0.0.1:35859/api/v1/namespaces/kubernetes-dashboard/services/http:kubernetes-dashboard:/proxy/ in your default browser...
Opening in existing browser session.
E1109 13:48:05.249881   93654 dashboard.go:129] Wait: signal: terminated

X Exiting due to MK_USAGE: Target directory minikube_storage must be an absolute path

* minikube v1.31.2 on Ubuntu 22.04
* The control plane node must be running for this command
  To start a cluster, run: "minikube start"
* Using the docker driver based on existing profile
* minikube 1.32.0 is available! Download it: https://github.com/kubernetes/minikube/releases/tag/v1.32.0
* To disable this notice, run: 'minikube config set WantUpdateNotification false'

* Starting control plane node minikube in cluster minikube
* Pulling base image ...
* Restarting existing docker container for "minikube" ...
* Preparing Kubernetes v1.27.4 on Docker 24.0.4 ...
* Configuring bridge CNI (Container Networking Interface) ...
* Verifying Kubernetes components...
  - Using image gcr.io/k8s-minikube/storage-provisioner:v5
  - Using image docker.io/kubernetesui/dashboard:v2.7.0
  - Using image docker.io/kubernetesui/metrics-scraper:v1.0.8
* Some dashboard features require the metrics-server addon. To enable all features please run:

	minikube addons enable metrics-server	


* Enabled addons: storage-provisioner, default-storageclass, dashboard
! The image 'minikube/local/utxopti:v1.3' was not found; unable to add it to cache.
! The image 'minikube/local/heimdallr:v1.3' was not found; unable to add it to cache.
! The image 'minikube/local/work-loki:v1.3' was not found; unable to add it to cache.
! The image 'minikube/local/drasil-jobs:v1.3' was not found; unable to add it to cache.
! The image 'minikube/local/geri:v1.3' was not found; unable to add it to cache.
! The image 'minikube/local/frigg:v1.3' was not found; unable to add it to cache.
! The image 'minikube/local/odin:v1.3' was not found; unable to add it to cache.
! The image 'minikube/local/dvltath:v1.3' was not found; unable to add it to cache.
* Done! kubectl is now configured to use "minikube" cluster and "default" namespace by default

X Exiting due to MK_USAGE: Target directory minikube_storage must be an absolute path

* minikube v1.31.2 on Ubuntu 22.04
* Using the docker driver based on existing profile
* Starting control plane node minikube in cluster minikube
* Pulling base image ...
* Verifying dashboard health ...
* Updating the running docker "minikube" container ...
* Launching proxy ...
* Verifying proxy health ...
* Preparing Kubernetes v1.27.4 on Docker 24.0.4 ...
* Verifying Kubernetes components...
  - Using image gcr.io/k8s-minikube/storage-provisioner:v5
  - Using image docker.io/kubernetesui/dashboard:v2.7.0
  - Using image docker.io/kubernetesui/metrics-scraper:v1.0.8
* Some dashboard features require the metrics-server addon. To enable all features please run:

	minikube addons enable metrics-server	


* Enabled addons: storage-provisioner, default-storageclass, dashboard
! The image 'minikube/local/utxopti:v1.3' was not found; unable to add it to cache.
! The image 'minikube/local/work-loki:v1.3' was not found; unable to add it to cache.
! The image 'minikube/local/dvltath:v1.3' was not found; unable to add it to cache.
! The image 'minikube/local/geri:v1.3' was not found; unable to add it to cache.
! The image 'minikube/local/heimdallr:v1.3' was not found; unable to add it to cache.
! The image 'minikube/local/drasil-jobs:v1.3' was not found; unable to add it to cache.
! The image 'minikube/local/odin:v1.3' was not found; unable to add it to cache.
! The image 'minikube/local/frigg:v1.3' was not found; unable to add it to cache.
* Done! kubectl is now configured to use "minikube" cluster and "default" namespace by default
* Opening http://127.0.0.1:44249/api/v1/namespaces/kubernetes-dashboard/services/http:kubernetes-dashboard:/proxy/ in your default browser...
Opening in existing browser session.
* minikube v1.31.2 on Ubuntu 22.04
* Using the docker driver based on existing profile
* Starting control plane node minikube in cluster minikube
* Pulling base image ...
* Updating the running docker "minikube" container ...
* Preparing Kubernetes v1.27.4 on Docker 24.0.4 ...
* Verifying Kubernetes components...
  - Using image gcr.io/k8s-minikube/storage-provisioner:v5
  - Using image docker.io/kubernetesui/dashboard:v2.7.0
  - Using image docker.io/kubernetesui/metrics-scraper:v1.0.8
* Some dashboard features require the metrics-server addon. To enable all features please run:

	minikube addons enable metrics-server	


* Enabled addons: storage-provisioner, default-storageclass, dashboard
! The image 'minikube/local/drasil-jobs:v1.3' was not found; unable to add it to cache.
! The image 'minikube/local/dvltath:v1.3' was not found; unable to add it to cache.
! The image 'minikube/local/heimdallr:v1.3' was not found; unable to add it to cache.
! The image 'minikube/local/utxopti:v1.3' was not found; unable to add it to cache.
! The image 'minikube/local/odin:v1.3' was not found; unable to add it to cache.
! The image 'minikube/local/frigg:v1.3' was not found; unable to add it to cache.
! The image 'minikube/local/work-loki:v1.3' was not found; unable to add it to cache.
! The image 'minikube/local/geri:v1.3' was not found; unable to add it to cache.
* Done! kubectl is now configured to use "minikube" cluster and "default" namespace by default

X Exiting due to MK_USAGE: Target directory minikube_storage must be an absolute path

* Verifying dashboard health ...
* Launching proxy ...
* Verifying proxy health ...
* Opening http://127.0.0.1:39431/api/v1/namespaces/kubernetes-dashboard/services/http:kubernetes-dashboard:/proxy/ in your default browser...
Opening in existing browser session.

X Exiting due to MK_USAGE: Target directory minikube_storage must be an absolute path

* Verifying dashboard health ...
* Launching proxy ...
* Verifying proxy health ...
* Opening http://127.0.0.1:44783/api/v1/namespaces/kubernetes-dashboard/services/http:kubernetes-dashboard:/proxy/ in your default browser...
Opening in existing browser session.

X Exiting due to MK_USAGE: Target directory minikube_storage must be an absolute path

* Verifying dashboard health ...
* Launching proxy ...
* Verifying proxy health ...
* Opening http://127.0.0.1:36361/api/v1/namespaces/kubernetes-dashboard/services/http:kubernetes-dashboard:/proxy/ in your default browser...
Opening in existing browser session.

X Exiting due to MK_USAGE: Target directory minikube_storage must be an absolute path

* Verifying dashboard health ...
* Launching proxy ...
* Verifying proxy health ...
* Opening http://127.0.0.1:45071/api/v1/namespaces/kubernetes-dashboard/services/http:kubernetes-dashboard:/proxy/ in your default browser...
Opening in existing browser session.

X Exiting due to MK_USAGE: Target directory minikube_storage must be an absolute path

* Verifying dashboard health ...
* Launching proxy ...
* Verifying proxy health ...
* Opening http://127.0.0.1:41025/api/v1/namespaces/kubernetes-dashboard/services/http:kubernetes-dashboard:/proxy/ in your default browser...
Opening in existing browser session.

X Exiting due to MK_USAGE: Target directory minikube_storage must be an absolute path

* Verifying dashboard health ...
* Launching proxy ...
* Verifying proxy health ...
* Opening http://127.0.0.1:45847/api/v1/namespaces/kubernetes-dashboard/services/http:kubernetes-dashboard:/proxy/ in your default browser...
Opening in existing browser session.

X Exiting due to MK_USAGE: Target directory minikube_storage must be an absolute path

* Verifying dashboard health ...
* Launching proxy ...
* Verifying proxy health ...
* Opening http://127.0.0.1:39365/api/v1/namespaces/kubernetes-dashboard/services/http:kubernetes-dashboard:/proxy/ in your default browser...
Opening in existing browser session.

X Exiting due to MK_USAGE: Target directory minikube_storage must be an absolute path

* Verifying dashboard health ...
* Launching proxy ...
* Verifying proxy health ...
* Opening http://127.0.0.1:32857/api/v1/namespaces/kubernetes-dashboard/services/http:kubernetes-dashboard:/proxy/ in your default browser...
Opening in existing browser session.

X Exiting due to MK_USAGE: Target directory minikube_storage must be an absolute path

* Verifying dashboard health ...
* Launching proxy ...
* Verifying proxy health ...
